<?xml version="1.0" encoding="UTF-8"?>
<testng-results ignored="0" total="2" passed="2" failed="0" skipped="0">
  <reporter-output>
  </reporter-output>
  <suite started-at="2024-09-06T17:32:03 GMT-04:00" name="Default suite" finished-at="2024-09-06T17:32:18 GMT-04:00" duration-ms="15305">
    <groups>
    </groups>
    <test started-at="2024-09-06T17:32:03 GMT-04:00" name="Default test" finished-at="2024-09-06T17:32:18 GMT-04:00" duration-ms="15305">
      <class name="Sceenshottaken.TestNGFailedtestcase">
        <test-method signature="maintestcase()[pri:0, instance:Sceenshottaken.TestNGFailedtestcase@4b741d6d]" started-at="2024-09-06T17:32:03 GMT-04:00" name="maintestcase" finished-at="2024-09-06T17:32:18 GMT-04:00" duration-ms="14615" status="PASS">
          <reporter-output>
          </reporter-output>
        </test-method> <!-- maintestcase -->
        <test-method signature="screenshot()[pri:0, instance:Sceenshottaken.TestNGFailedtestcase@4b741d6d]" started-at="2024-09-06T17:32:18 GMT-04:00" name="screenshot" finished-at="2024-09-06T17:32:18 GMT-04:00" duration-ms="622" status="PASS">
          <reporter-output>
          </reporter-output>
        </test-method> <!-- screenshot -->
      </class> <!-- Sceenshottaken.TestNGFailedtestcase -->
    </test> <!-- Default test -->
  </suite> <!-- Default suite -->
</testng-results>
