<?xml version="1.0" encoding="UTF-8"?>
<testng-results ignored="0" total="1" passed="1" failed="0" skipped="0">
  <reporter-output>
  </reporter-output>
  <suite started-at="2024-09-05T18:15:29 GMT-04:00" name="Default suite" finished-at="2024-09-05T18:15:41 GMT-04:00" duration-ms="11854">
    <groups>
    </groups>
    <test started-at="2024-09-05T18:15:29 GMT-04:00" name="Default test" finished-at="2024-09-05T18:15:41 GMT-04:00" duration-ms="11854">
      <class name="StockAccounting.TestNGlogoutdetails">
        <test-method signature="setup()[pri:0, instance:StockAccounting.TestNGlogoutdetails@470734c3]" started-at="2024-09-05T18:15:29 GMT-04:00" name="setup" finished-at="2024-09-05T18:15:41 GMT-04:00" duration-ms="11784" status="PASS">
          <reporter-output>
          </reporter-output>
        </test-method> <!-- setup -->
      </class> <!-- StockAccounting.TestNGlogoutdetails -->
    </test> <!-- Default test -->
  </suite> <!-- Default suite -->
</testng-results>
